<?xml version="1.0" encoding="UTF-8"?>
<testng-results ignored="0" total="2" passed="2" failed="0" skipped="0">
  <reporter-output>
  </reporter-output>
  <suite started-at="2025-04-27T20:16:03 IST" name="MasterSuite" finished-at="2025-04-27T20:16:15 IST" duration-ms="11496">
    <groups>
      <group name="Master">
        <method signature="TC001_AccountRegistrationTest.verify_account_registeration()[pri:0, instance:testCases.TC001_AccountRegistrationTest@7c8c9a05]" name="verify_account_registeration" class="testCases.TC001_AccountRegistrationTest"/>
        <method signature="TC002_LoginTest.verify_login()[pri:0, instance:testCases.TC002_LoginTest@3d9c13b5]" name="verify_login" class="testCases.TC002_LoginTest"/>
      </group> <!-- Master -->
      <group name="Sanity">
        <method signature="TC002_LoginTest.verify_login()[pri:0, instance:testCases.TC002_LoginTest@3d9c13b5]" name="verify_login" class="testCases.TC002_LoginTest"/>
      </group> <!-- Sanity -->
      <group name="Regression">
        <method signature="TC001_AccountRegistrationTest.verify_account_registeration()[pri:0, instance:testCases.TC001_AccountRegistrationTest@7c8c9a05]" name="verify_account_registeration" class="testCases.TC001_AccountRegistrationTest"/>
      </group> <!-- Regression -->
    </groups>
    <test started-at="2025-04-27T20:16:03 IST" name="Test" finished-at="2025-04-27T20:16:15 IST" duration-ms="11496">
      <class name="testCases.TC002_LoginTest">
        <test-method is-config="true" signature="setup(java.lang.String)[pri:0, instance:testCases.TC002_LoginTest@3d9c13b5]" started-at="2025-04-27T20:16:11 IST" name="setup" finished-at="2025-04-27T20:16:12 IST" duration-ms="1383" status="PASS">
          <params>
            <param index="0">
              <value>
                <![CDATA[chrome]]>
              </value>
            </param>
          </params>
          <reporter-output>
          </reporter-output>
        </test-method> <!-- setup -->
        <test-method signature="verify_login()[pri:0, instance:testCases.TC002_LoginTest@3d9c13b5]" started-at="2025-04-27T20:16:12 IST" name="verify_login" finished-at="2025-04-27T20:16:15 IST" duration-ms="2627" status="PASS">
          <reporter-output>
          </reporter-output>
        </test-method> <!-- verify_login -->
        <test-method is-config="true" signature="tearDown()[pri:0, instance:testCases.TC002_LoginTest@3d9c13b5]" started-at="2025-04-27T20:16:15 IST" name="tearDown" finished-at="2025-04-27T20:16:15 IST" duration-ms="139" status="PASS">
          <reporter-output>
          </reporter-output>
        </test-method> <!-- tearDown -->
      </class> <!-- testCases.TC002_LoginTest -->
      <class name="testCases.TC001_AccountRegistrationTest">
        <test-method is-config="true" signature="setup(java.lang.String)[pri:0, instance:testCases.TC001_AccountRegistrationTest@7c8c9a05]" started-at="2025-04-27T20:16:04 IST" name="setup" finished-at="2025-04-27T20:16:07 IST" duration-ms="3699" status="PASS">
          <params>
            <param index="0">
              <value>
                <![CDATA[chrome]]>
              </value>
            </param>
          </params>
          <reporter-output>
          </reporter-output>
        </test-method> <!-- setup -->
        <test-method signature="verify_account_registeration()[pri:0, instance:testCases.TC001_AccountRegistrationTest@7c8c9a05]" started-at="2025-04-27T20:16:07 IST" name="verify_account_registeration" finished-at="2025-04-27T20:16:11 IST" duration-ms="3108" status="PASS">
          <reporter-output>
          </reporter-output>
        </test-method> <!-- verify_account_registeration -->
        <test-method is-config="true" signature="tearDown()[pri:0, instance:testCases.TC001_AccountRegistrationTest@7c8c9a05]" started-at="2025-04-27T20:16:11 IST" name="tearDown" finished-at="2025-04-27T20:16:11 IST" duration-ms="93" status="PASS">
          <reporter-output>
          </reporter-output>
        </test-method> <!-- tearDown -->
      </class> <!-- testCases.TC001_AccountRegistrationTest -->
    </test> <!-- Test -->
  </suite> <!-- MasterSuite -->
</testng-results>
